[Bootstrap]
SetupTitle=Installation
SetupText=Copie des fichiers, veuillez patienter.
CabFile=Client.CAB
Spawn=Setup1.exe
Uninstal=st6unst.exe
TmpDir=msftqws.pdw
Cabs=1

[Bootstrap Files]
File1=@VB6STKIT.DLL,$(WinSysPathSysFile),,,7/15/00 1:00:00 AM,101888,6.0.84.50
File2=@COMCAT.DLL,$(WinSysPathSysFile),$(DLLSelfRegister),,6/1/98 12:00:00 AM,22288,4.71.1460.1
File3=@MSVCRT40.DLL,$(WinSysPathSysFile),,,6/1/98 12:00:00 AM,326656,4.21.0.0
File4=@VB6FR.DLL,$(WinSysPath),,$(Shared),10/4/06 5:08:38 PM,119568,6.0.89.88
File5=@stdole2.tlb,$(WinSysPathSysFile),$(TLBRegister),,7/14/09 12:43:53 AM,16896,6.1.7600.16385
File6=@asycfilt.dll,$(WinSysPathSysFile),,,3/5/10 8:42:42 AM,67584,6.1.7600.16544
File7=@olepro32.dll,$(WinSysPathSysFile),$(DLLSelfRegister),,7/14/09 2:16:12 AM,90112,6.1.7600.16385
File8=@oleaut32.dll,$(WinSysPathSysFile),$(DLLSelfRegister),,8/27/11 5:43:07 AM,571904,6.1.7600.16872
File9=@msvbvm60.dll,$(WinSysPathSysFile),$(DLLSelfRegister),,7/14/09 2:15:50 AM,1386496,6.0.98.15

[IconGroups]
Group0=Aride
PrivateGroup0=Vrai
Parent0=$(Programs)

[Aride]
Icon1="Client.exe"
Title1=Aride
StartIn1=$(AppPath)

[Setup]
Title=Aride
DefaultDir=$(ProgramFiles)\Aride
AppExe=Client.exe
AppToUninstall=Client.exe

[Setup1 Files]
File1=@MSCMCFR.DLL,$(WinSysPath),,$(Shared),7/13/98 12:00:00 AM,141312,6.0.81.63
File2=@MSCOMCTL.OCX,$(WinSysPath),$(DLLSelfRegister),$(Shared),6/6/12 7:59:42 PM,1070152,6.1.98.34
File3=@INETFR.DLL,$(WinSysPath),,$(Shared),7/13/98 12:00:00 AM,15360,6.0.81.63
File4=@MSINET.OCX,$(WinSysPath),$(DLLSelfRegister),$(Shared),10/4/06 5:02:17 PM,132880,6.1.97.82
File5=@TABCTL3N.OCX,$(WinSysPath),$(DLLSelfRegister),$(Shared),12/5/02 6:58:24 PM,209608,6.0.90.43
File6=@RCHTXFR.DLL,$(WinSysPath),,$(Shared),7/13/98 12:00:00 AM,34304,6.0.81.63
File7=@RICHED32.DLL,$(WinSysPathSysFile),,,5/8/98 12:00:00 AM,174352,4.0.993.4
File8=@RICHTX32.OCX,$(WinSysPath),$(DLLSelfRegister),$(Shared),5/22/00 5:00:00 AM,203976,6.0.88.4
File9=@MSWINSCN.OCX,$(WinSysPath),$(DLLSelfRegister),$(Shared),12/5/02 6:58:04 PM,109248,6.0.88.4
File10=@scrrnfr.dll,$(WinSysPath),,$(Shared),8/5/04 1:00:00 PM,24626,5.6.0.6626
File11=@msvcrt.dll,$(WinSysPathSysFile),,,12/16/11 8:59:17 AM,690688,7.0.7600.16930
File12=@scrrun.dll,$(WinSysPath),$(DLLSelfRegister),$(Shared),7/14/09 2:16:13 AM,163840,5.8.7600.16385
File13=@PaintX.dll,$(WinSysPath),$(DLLSelfRegister),$(Shared),3/7/02 12:19:16 AM,454656,1.0.5.0
File14=@wmp.dll,$(AppPath),,,9/1/10 5:29:28 AM,11406848,12.0.7600.16667
File15=@dx7vb.dll,$(WinSysPath),$(DLLSelfRegister),$(Shared),8/5/04 1:00:00 PM,619008,5.3.2600.2180
File16=@vb5db.dll,$(WinSysPath),,$(Shared),6/17/98 11:00:00 PM,89360,6.0.81.69
File17=@msrepl35.dll,$(WinSysPathSysFile),,,8/25/99 2:57:26 PM,415504,3.51.3225.0
File18=@msrd2x35.dll,$(WinSysPathSysFile),$(DLLSelfRegister),,6/1/98 2:37:00 PM,262144,3.51.623.0
File19=@expsrv.dll,$(WinSysPathSysFile),,,7/14/09 2:15:20 AM,380957,6.0.72.9589
File20=@vbajet32.dll,$(WinSysPathSysFile),,,7/14/09 2:16:17 AM,30749,6.0.1.9431
File21=@MSJINT35.DLL,$(WinSysPathSysFile),,,7/7/98 12:00:00 AM,149776,3.51.623.0
File22=@msjter35.dll,$(WinSysPathSysFile),,,6/10/99 9:34:04 AM,24848,3.51.623.0
File23=@msjet35.dll,$(WinSysPathSysFile),$(DLLSelfRegister),,9/28/99 9:42:48 PM,1050896,3.51.3328.0
File24=@DAO350.DLL,$(MSDAOPath),$(DLLSelfRegister),$(Shared),4/26/98 11:00:00 PM,570128,3.51.1608.0
File25=@aamd532.dll,$(WinSysPath),,$(Shared),4/17/99 11:06:40 AM,10752,1.0.0.1
File26=@IPHLPAPI.DLL,$(WinSysPath),,$(Shared),7/14/09 2:15:33 AM,103936,6.1.7600.16385
File27=@ws2_32.dll,$(WinSysPath),,$(Shared),7/14/09 2:16:20 AM,206336,6.1.7600.16385
File28=@wininet.dll,$(WinSysPath),,$(Shared),11/14/12 2:57:37 AM,1129472,9.0.8112.16457
File29=@urlmon.dll,$(WinSysPath),$(DLLSelfRegister),$(Shared),11/14/12 2:57:44 AM,1103872,9.0.8112.16457
File30=@Client.exe,$(AppPath),,,1/12/13 6:03:27 PM,11452416,0.0.0.1

; Il est possible de supprimer les lignes suivantes afin de libérer 
; de l'espace pour personnaliser ce fichier sur une disquette d'installation 
; complète.
; 
; XXXXXXXXXXXXXXXXXXXXXXXXXXXXXXXXXXXXXXXXXXXXXXXXXXXXXXXXXXXX
; XXXXXXXXXXXXXXXXXXXXXXXXXXXXXXXXXXXXXXXXXXXXXXXXXXXXXXXXXXXX
; XXXXXXXXXXXXXXXXXXXXXXXXXXXXXXXXXXXXXXXXXXXXXXXXXXXXXXXXXXXX
; XXXXXXXXXXXXXXXXXXXXXXXXXXXXXXXXXXXXXXXXXXXXXXXXXXXXXXXXXXXX
; XXXXXXXXXXXXXXXXXXXXXXXXXXXXXXXXXXXXXXXXXXXXXXXXXXXXXXXXXXXX
; XXXXXXXXXXXXXXXXXXXXXXXXXXXXXXXXXXXXXXXXXXXXXXXXXXXXXXXXXXXX
; XXXXXXXXXXXXXXXXXXXXXXXXXXXXXXXXXXXXXXXXXXXXXXXXXXXXXXXXXXXX
; XXXXXXXXXXXXXXXXXXXXXXXXXXXXXXXXXXXXXXXXXXXXXXXXXXXXXXXXXXXX
; XXXXXXXXXXXXXXXXXXXXXXXXXXXXXXXXXXXXXXXXXXXXXXXXXXXXXXXXXXXX
; XXXXXXXXXXXXXXXXXXXXXXXXXXXXXXXXXXXXXXXXXXXXXXXXXXXXXXXXXXXX
; XXXXXXXXXXXXXXXXXXXXXXXXXXXXXXXXXXXXXXXXXXXXXXXXXXXXXXXXXXXX
; XXXXXXXXXXXXXXXXXXXXXXXXXXXXXXXXXXXXXXXXXXXXXXXXXXXXXXXXXXXX
; XXXXXXXXXXXXXXXXXXXXXXXXXXXXXXXXXXXXXXXXXXXXXXXXXXXXXXXXXXXX
; XXXXXXXXXXXXXXXXXXXXXXXXXXXXXXXXXXXXXXXXXXXXXXXXXXXXXXXXXXXX
; XXXXXXXXXXXXXXXXXXXXXXXXXXXXXXXXXXXXXXXXXXXXXXXXXXXXXXXXXXXX
; XXXXXXXXXXXXXXXXXXXXXXXXXXXXXXXXXXXXXXXXXXXXXXXXXXXXXXXXXXXX
; XXXXXXXXXXXXXXXXXXXXXXXXXXXXXXXXXXXXXXXXXXXXXXXXXXXXXXXXXXXX
; XXXXXXXXXXXXXXXXXXXXXXXXXXXXXXXXXXXXXXXXXXXXXXXXXXXXXXXXXXXX
; XXXXXXXXXXXXXXXXXXXXXXXXXXXXXXXXXXXXXXXXXXXXXXXXXXXXXXXXXXXX
; XXXXXXXXXXXXXXXXXXXXXXXXXXXXXXXXXXXXXXXXXXXXXXXXXXXXXXXXXXXX
; XXXXXXXXXXXXXXXXXXXXXXXXXXXXXXXXXXXXXXXXXXXXXXXXXXXXXXXXXXXX
; XXXXXXXXXXXXXXXXXXXXXXXXXXXXXXXXXXXXXXXXXXXXXXXXXXXXXXXXXXXX
; XXXXXXXXXXXXXXXXXXXXXXXXXXXXXXXXXXXXXXXXXXXXXXXXXXXXXXXXXXXX
; XXXXXXXXXXXXXXXXXXXXXXXXXXXXXXXXXXXXXXXXXXXXXXXXXXXXXXXXXXXX
; XXXXXXXXXXXXXXXXXXXXXXXXXXXXXXXXXXXXXXXXXXXXXXXXXXXXXXXXXXXX
; XXXXXXXXXXXXXXXXXXXXXXXXXXXXXXXXXXXXXXXXXXXXXXXXXXXXXXXXXXXX
; XXXXXXXXXXXXXXXXXXXXXXXXXXXXXXXXXXXXXXXXXXXXXXXXXXXXXXXXXXXX
; XXXXXXXXXXXXXXXXXXXXXXXXXXXXXXXXXXXXXXXXXXXXXXXXXXXXXXXXXXXX
; XXXXXXXXXXXXXXXXXXXXXXXXXXXXXXXXXXXXXXXXXXXXXXXXXXXXXXXXXXXX
; XXXXXXXXXXXXXXXXXXXXXXXXXXXXXXXXXXXXXXXXXXXXXXXXXXXXXXXXXXXX
; XXXXXXXXXXXXXXXXXXXXXXXXXXXXXXXXXXXXXXXXXXXXXXXXXXXXXXXXXXXX
; XXXXXXXXXXXXXXXXXXXXXXXXXXXXXXXXXXXXXXXXXXXXXXXXXXXXXXXXXXXX
; XXXXXXXXXXXXXXXXXXXXXXXXXXXXXXXXXXXXXXXXXXXXXXXXXXXXXXXXXXXX
; XXXXXXXXXXXXXXXXXXXXXXXXXXXXXXXXXXXXXXXXXXXXXXXXXXXXXXXXXXXX
; XXXXXXXXXXXXXXXXXXXXXXXXXXXXXXXXXXXXXXXXXXXXXXXXXXXXXXXXXXXX
